#! /usr/bin/vvp
:ivl_version "11.0 (stable)";
:ivl_delay_selection "TYPICAL";
:vpi_time_precision + 0;
:vpi_module "/usr/lib/x86_64-linux-gnu/ivl/system.vpi";
:vpi_module "/usr/lib/x86_64-linux-gnu/ivl/vhdl_sys.vpi";
:vpi_module "/usr/lib/x86_64-linux-gnu/ivl/vhdl_textio.vpi";
:vpi_module "/usr/lib/x86_64-linux-gnu/ivl/v2005_math.vpi";
:vpi_module "/usr/lib/x86_64-linux-gnu/ivl/va_math.vpi";
S_0x55e27927a780 .scope module, "cl" "cl" 2 1;
 .timescale 0 0;
    .port_info 0 /OUTPUT 1 "out";
    .port_info 1 /INPUT 1 "a";
    .port_info 2 /INPUT 1 "b";
    .port_info 3 /INPUT 2 "S";
o0x7fe3f508f258 .functor BUFZ 1, C4<z>; HiZ drive
o0x7fe3f508f288 .functor BUFZ 1, C4<z>; HiZ drive
L_0x55e27928d0e0 .functor AND 1, o0x7fe3f508f258, o0x7fe3f508f288, C4<1>, C4<1>;
L_0x55e27928d170 .functor OR 1, o0x7fe3f508f258, o0x7fe3f508f288, C4<0>, C4<0>;
L_0x55e27928d2d0 .functor XOR 1, o0x7fe3f508f258, o0x7fe3f508f288, C4<0>, C4<0>;
L_0x55e27928d3b0 .functor NOT 1, o0x7fe3f508f258, C4<0>, C4<0>, C4<0>;
v0x55e27928c9c0_0 .net "Out", 0 0, v0x55e27928c840_0;  1 drivers
o0x7fe3f508f018 .functor BUFZ 2, C4<zz>; HiZ drive
v0x55e27928ca80_0 .net "S", 1 0, o0x7fe3f508f018;  0 drivers
v0x55e27928cb20_0 .net "a", 0 0, o0x7fe3f508f258;  0 drivers
v0x55e27928cbf0_0 .net "b", 0 0, o0x7fe3f508f288;  0 drivers
o0x7fe3f508f2b8 .functor BUFZ 1, C4<z>; HiZ drive
v0x55e27928cc90_0 .net "out", 0 0, o0x7fe3f508f2b8;  0 drivers
v0x55e27928cda0_0 .net "salida_and", 0 0, L_0x55e27928d0e0;  1 drivers
v0x55e27928ce40_0 .net "salida_not", 0 0, L_0x55e27928d3b0;  1 drivers
v0x55e27928cf10_0 .net "salida_or", 0 0, L_0x55e27928d170;  1 drivers
v0x55e27928cfe0_0 .net "sx", 0 0, L_0x55e27928d2d0;  1 drivers
S_0x55e27927a980 .scope module, "m" "mux4_1" 2 9, 3 1 0, S_0x55e27927a780;
 .timescale 0 0;
    .port_info 0 /OUTPUT 1 "out";
    .port_info 1 /INPUT 1 "a";
    .port_info 2 /INPUT 1 "b";
    .port_info 3 /INPUT 1 "c";
    .port_info 4 /INPUT 1 "d";
    .port_info 5 /INPUT 2 "S";
v0x55e279267780_0 .net "S", 1 0, o0x7fe3f508f018;  alias, 0 drivers
v0x55e27928c510_0 .net "a", 0 0, L_0x55e27928d0e0;  alias, 1 drivers
v0x55e27928c5d0_0 .net "b", 0 0, L_0x55e27928d170;  alias, 1 drivers
v0x55e27928c670_0 .net "c", 0 0, L_0x55e27928d2d0;  alias, 1 drivers
v0x55e27928c730_0 .net "d", 0 0, L_0x55e27928d3b0;  alias, 1 drivers
v0x55e27928c840_0 .var "out", 0 0;
E_0x55e2792639f0/0 .event edge, v0x55e279267780_0, v0x55e27928c730_0, v0x55e27928c670_0, v0x55e27928c5d0_0;
E_0x55e2792639f0/1 .event edge, v0x55e27928c510_0;
E_0x55e2792639f0 .event/or E_0x55e2792639f0/0, E_0x55e2792639f0/1;
    .scope S_0x55e27927a980;
T_0 ;
    %wait E_0x55e2792639f0;
    %load/vec4 v0x55e279267780_0;
    %dup/vec4;
    %pushi/vec4 0, 0, 2;
    %cmp/u;
    %jmp/1 T_0.0, 6;
    %dup/vec4;
    %pushi/vec4 1, 0, 2;
    %cmp/u;
    %jmp/1 T_0.1, 6;
    %dup/vec4;
    %pushi/vec4 2, 0, 2;
    %cmp/u;
    %jmp/1 T_0.2, 6;
    %dup/vec4;
    %pushi/vec4 3, 0, 2;
    %cmp/u;
    %jmp/1 T_0.3, 6;
    %jmp T_0.4;
T_0.0 ;
    %load/vec4 v0x55e27928c510_0;
    %store/vec4 v0x55e27928c840_0, 0, 1;
    %jmp T_0.4;
T_0.1 ;
    %load/vec4 v0x55e27928c5d0_0;
    %store/vec4 v0x55e27928c840_0, 0, 1;
    %jmp T_0.4;
T_0.2 ;
    %load/vec4 v0x55e27928c670_0;
    %store/vec4 v0x55e27928c840_0, 0, 1;
    %jmp T_0.4;
T_0.3 ;
    %load/vec4 v0x55e27928c730_0;
    %store/vec4 v0x55e27928c840_0, 0, 1;
    %jmp T_0.4;
T_0.4 ;
    %pop/vec4 1;
    %jmp T_0;
    .thread T_0, $push;
# The file index is used to find the file name in the following table.
:file_names 4;
    "N/A";
    "<interactive>";
    "cl.v";
    "mux4_1.v";
